Qbot Android Client/build/outputs/logs/manifest-merger-debug-report.txt
-- Merging decision tree log ---
manifest
ADDED from src/main/AndroidManifest.xml:2:1-79:12
	package
		ADDED from src/main/AndroidManifest.xml:3:5-39
	android:versionName
		ADDED from src/main/AndroidManifest.xml:5:5-30
		INJECTED from src/main/AndroidManifest.xml
		INJECTED from src/main/AndroidManifest.xml
	android:versionCode
		ADDED from src/main/AndroidManifest.xml:4:5-28
		INJECTED from src/main/AndroidManifest.xml
		INJECTED from src/main/AndroidManifest.xml
	xmlns:android
		ADDED from src/main/AndroidManifest.xml:2:11-69
uses-sdk
ADDED from src/main/AndroidManifest.xml:7:5-9:41
MERGED from [io.pristine:libjingle:9694] AndroidManifest.xml:7:5-9:41
MERGED from [me.kevingleason:pnwebrtc:1.0.6] AndroidManifest.xml:7:5-9:41
MERGED from [com.android.support:appcompat-v7:23.1.1] AndroidManifest.xml:20:5-43
MERGED from [com.android.support:support-v4:23.1.1] AndroidManifest.xml:20:5-43
	android:targetSdkVersion
		ADDED from src/main/AndroidManifest.xml:9:9-38
	android:minSdkVersion
		ADDED from src/main/AndroidManifest.xml:8:9-35
uses-feature#android.hardware.camera
ADDED from src/main/AndroidManifest.xml:11:5-60
MERGED from [me.kevingleason:pnwebrtc:1.0.6] AndroidManifest.xml:12:5-60
	android:name
		ADDED from src/main/AndroidManifest.xml:11:19-57
uses-feature#android.hardware.camera.autofocus
ADDED from src/main/AndroidManifest.xml:12:5-70
MERGED from [me.kevingleason:pnwebrtc:1.0.6] AndroidManifest.xml:13:5-70
	android:name
		ADDED from src/main/AndroidManifest.xml:12:19-67
uses-feature#0x00020000
ADDED from src/main/AndroidManifest.xml:13:5-15:35
MERGED from [me.kevingleason:pnwebrtc:1.0.6] AndroidManifest.xml:14:5-16:35
	android:glEsVersion
		ADDED from src/main/AndroidManifest.xml:14:9-41
	android:required
		ADDED from src/main/AndroidManifest.xml:15:9-32
uses-permission#android.permission.CAMERA
ADDED from src/main/AndroidManifest.xml:17:5-65
MERGED from [me.kevingleason:pnwebrtc:1.0.6] AndroidManifest.xml:18:5-65
	android:name
		ADDED from src/main/AndroidManifest.xml:17:22-62
uses-permission#android.permission.RECORD_AUDIO
ADDED from src/main/AndroidManifest.xml:18:5-71
MERGED from [me.kevingleason:pnwebrtc:1.0.6] AndroidManifest.xml:19:5-71
	android:name
		ADDED from src/main/AndroidManifest.xml:18:22-68
uses-permission#android.permission.INTERNET
ADDED from src/main/AndroidManifest.xml:19:5-67
MERGED from [com.github.ytai.ioio:IOIOLibAndroid:5.07] AndroidManifest.xml:7:5-67
MERGED from [com.github.ytai.ioio:IOIOLibAndroid:5.07] AndroidManifest.xml:7:5-67
MERGED from [com.github.ytai.ioio:IOIOLibAndroid:5.07] AndroidManifest.xml:7:5-67
MERGED from [com.github.ytai.ioio:IOIOLibAndroid:5.07] AndroidManifest.xml:7:5-67
MERGED from [me.kevingleason:pnwebrtc:1.0.6] AndroidManifest.xml:20:5-67
	android:name
		ADDED from src/main/AndroidManifest.xml:19:22-64
uses-permission#android.permission.ACCESS_NETWORK_STATE
ADDED from src/main/AndroidManifest.xml:20:5-79
MERGED from [me.kevingleason:pnwebrtc:1.0.6] AndroidManifest.xml:21:5-79
	android:name
		ADDED from src/main/AndroidManifest.xml:20:22-76
uses-permission#android.permission.MODIFY_AUDIO_SETTINGS
ADDED from src/main/AndroidManifest.xml:21:5-80
MERGED from [me.kevingleason:pnwebrtc:1.0.6] AndroidManifest.xml:22:5-80
	android:name
		ADDED from src/main/AndroidManifest.xml:21:22-77
uses-permission#android.permission.WAKE_LOCK
ADDED from src/main/AndroidManifest.xml:25:5-68
MERGED from [me.kevingleason:pnwebrtc:1.0.6] AndroidManifest.xml:26:5-68
	android:name
		ADDED from src/main/AndroidManifest.xml:25:22-65
uses-permission#com.google.android.c2dm.permission.RECEIVE
ADDED from src/main/AndroidManifest.xml:26:5-82
MERGED from [me.kevingleason:pnwebrtc:1.0.6] AndroidManifest.xml:27:5-82
	android:name
		ADDED from src/main/AndroidManifest.xml:26:22-79
permission#your.package.name.permission.C2D_MESSAGE
ADDED from src/main/AndroidManifest.xml:28:5-30:47
MERGED from [me.kevingleason:pnwebrtc:1.0.6] AndroidManifest.xml:29:5-31:47
	android:protectionLevel
		ADDED from src/main/AndroidManifest.xml:30:9-44
	android:name
		ADDED from src/main/AndroidManifest.xml:29:9-64
uses-permission#your.package.name.permission.C2D_MESSAGE
ADDED from src/main/AndroidManifest.xml:32:5-80
MERGED from [me.kevingleason:pnwebrtc:1.0.6] AndroidManifest.xml:33:5-80
	android:name
		ADDED from src/main/AndroidManifest.xml:32:22-77
android:uses-permission#android.permission.WRITE_EXTERNAL_STORAGE
ADDED from src/main/AndroidManifest.xml:34:5-89
	android:name
		ADDED from src/main/AndroidManifest.xml:34:30-86
android:uses-permission#android.permission.READ_PHONE_STATE
ADDED from src/main/AndroidManifest.xml:35:5-83
	android:name
		ADDED from src/main/AndroidManifest.xml:35:30-80
android:uses-permission#android.permission.READ_EXTERNAL_STORAGE
ADDED from src/main/AndroidManifest.xml:36:5-88
	android:name
		ADDED from src/main/AndroidManifest.xml:36:30-85
application
ADDED from src/main/AndroidManifest.xml:38:5-77:19
MERGED from [io.pristine:libjingle:9694] AndroidManifest.xml:11:5-12:19
MERGED from [me.kevingleason:pnwebrtc:1.0.6] AndroidManifest.xml:35:5-37:44
MERGED from [com.android.support:appcompat-v7:23.1.1] AndroidManifest.xml:22:5-20
MERGED from [com.android.support:support-v4:23.1.1] AndroidManifest.xml:22:5-20
	android:label
		ADDED from src/main/AndroidManifest.xml:40:9-41
	android:icon
		ADDED from src/main/AndroidManifest.xml:39:9-38
	android:allowBackup
		ADDED from [io.pristine:libjingle:9694] AndroidManifest.xml:11:18-44
uses-library#com.android.future.usb.accessory
ADDED from src/main/AndroidManifest.xml:41:9-43:40
	android:required
		ADDED from src/main/AndroidManifest.xml:43:13-37
	android:name
		ADDED from src/main/AndroidManifest.xml:42:13-60
activity#nanqineveryday.qbot.ioio.QBotActivity
ADDED from src/main/AndroidManifest.xml:45:9-68:20
	android:label
		ADDED from src/main/AndroidManifest.xml:48:13-45
	android:launchMode
		ADDED from src/main/AndroidManifest.xml:49:13-44
	android:configChanges
		ADDED from src/main/AndroidManifest.xml:47:13-63
	android:name
		ADDED from src/main/AndroidManifest.xml:46:13-41
intent-filter#android.intent.action.MAIN+android.intent.category.LAUNCHER
ADDED from src/main/AndroidManifest.xml:50:13-54:29
action#android.intent.action.MAIN
ADDED from src/main/AndroidManifest.xml:51:17-69
	android:name
		ADDED from src/main/AndroidManifest.xml:51:25-66
category#android.intent.category.LAUNCHER
ADDED from src/main/AndroidManifest.xml:53:17-77
	android:name
		ADDED from src/main/AndroidManifest.xml:53:27-74
intent-filter#android.hardware.usb.action.USB_ACCESSORY_ATTACHED
ADDED from src/main/AndroidManifest.xml:55:13-57:29
action#android.hardware.usb.action.USB_ACCESSORY_ATTACHED
ADDED from src/main/AndroidManifest.xml:56:17-93
	android:name
		ADDED from src/main/AndroidManifest.xml:56:25-90
intent-filter#android.hardware.usb.action.USB_DEVICE_ATTACHED
ADDED from src/main/AndroidManifest.xml:58:13-60:29
action#android.hardware.usb.action.USB_DEVICE_ATTACHED
ADDED from src/main/AndroidManifest.xml:59:17-90
	android:name
		ADDED from src/main/AndroidManifest.xml:59:25-87
meta-data#android.hardware.usb.action.USB_ACCESSORY_ATTACHED
ADDED from src/main/AndroidManifest.xml:62:13-64:60
	android:resource
		ADDED from src/main/AndroidManifest.xml:64:17-57
	android:name
		ADDED from src/main/AndroidManifest.xml:63:17-82
meta-data#android.hardware.usb.action.USB_DEVICE_ATTACHED
ADDED from src/main/AndroidManifest.xml:65:13-67:57
	android:resource
		ADDED from src/main/AndroidManifest.xml:67:17-54
	android:name
		ADDED from src/main/AndroidManifest.xml:66:17-79
activity#nanqineveryday.qbot.ioio.VideoChatActivity
ADDED from src/main/AndroidManifest.xml:69:9-76:60
	android:label
		ADDED from src/main/AndroidManifest.xml:70:13-62
	android:parentActivityName
		ADDED from src/main/AndroidManifest.xml:71:13-55
	android:windowSoftInputMode
		ADDED from src/main/AndroidManifest.xml:72:13-54
	android:theme
		ADDED from src/main/AndroidManifest.xml:73:13-71
	android:name
		ADDED from src/main/AndroidManifest.xml:69:19-52
meta-data#android.support.PARENT_ACTIVITY
ADDED from src/main/AndroidManifest.xml:74:13-76:49
	android:value
		ADDED from src/main/AndroidManifest.xml:76:17-46
	android:name
		ADDED from src/main/AndroidManifest.xml:75:17-63
uses-permission#android.permission.BLUETOOTH
ADDED from [com.github.ytai.ioio:IOIOLibAndroidBluetooth:5.07] AndroidManifest.xml:7:5-68
	android:name
		ADDED from [com.github.ytai.ioio:IOIOLibAndroidBluetooth:5.07] AndroidManifest.xml:7:22-65
uses-feature#android.hardware.usb.accessory
ADDED from [com.github.ytai.ioio:IOIOLibAndroidAccessory:5.07] AndroidManifest.xml:7:5-9:36
	android:required
		ADDED from [com.github.ytai.ioio:IOIOLibAndroidAccessory:5.07] AndroidManifest.xml:9:9-33
	android:name
		ADDED from [com.github.ytai.ioio:IOIOLibAndroidAccessory:5.07] AndroidManifest.xml:8:9-54
uses-feature#android.hardware.usb.host
ADDED from [com.github.ytai.ioio:IOIOLibAndroidDevice:5.07] AndroidManifest.xml:7:5-9:36
	android:required
		ADDED from [com.github.ytai.ioio:IOIOLibAndroidDevice:5.07] AndroidManifest.xml:9:9-33
	android:name
		ADDED from [com.github.ytai.ioio:IOIOLibAndroidDevice:5.07] AndroidManifest.xml:8:9-49